<?xml version="1.0" encoding="utf-8" standalone="no"?>
<!--This file represents the results of running a test suite-->
<test-results name="C:\MVCUnitTesting\MVC.Test\bin\Debug\MVC.Test.dll" total="1" errors="0" failures="0" not-run="0" inconclusive="0" ignored="0" skipped="0" invalid="0" date="2015-10-31" time="12:22:42">
  <environment nunit-version="2.6.4.14350" clr-version="2.0.50727.5485" os-version="Microsoft Windows NT 6.1.7601 Service Pack 1" platform="Win32NT" cwd="C:\Program Files (x86)\NUnit 2.6.4\bin" machine-name="LUDK-VM" user="Lugui" user-domain="LUDK-VM" />
  <culture-info current-culture="en-US" current-uiculture="en-US" />
  <test-suite type="Assembly" name="C:\MVCUnitTesting\MVC.Test\bin\Debug\MVC.Test.dll" executed="True" result="Success" success="True" time="9.995" asserts="0">
    <results>
      <test-suite type="Namespace" name="MVC" executed="True" result="Success" success="True" time="9.973" asserts="0">
        <results>
          <test-suite type="Namespace" name="Test" executed="True" result="Success" success="True" time="9.971" asserts="0">
            <results>
              <test-suite type="Namespace" name="Repositories" executed="True" result="Success" success="True" time="9.970" asserts="0">
                <results>
                  <test-suite type="TestFixture" name="ProductoRespositorioTest" executed="True" result="Success" success="True" time="9.962" asserts="0">
                    <results>
                      <test-case name="MVC.Test.Repositories.ProductoRespositorioTest.AllReturnListProducts" executed="True" result="Success" success="True" time="9.945" asserts="2" />
                    </results>
                  </test-suite>
                </results>
              </test-suite>
            </results>
          </test-suite>
        </results>
      </test-suite>
    </results>
  </test-suite>
</test-results>